[0mCompiling "resources/public/js/specs/specs.js" from ["src" "specs" "dev"]...
[0mCompiling "resources/public/js/specs/specs.js" from ["src" "specs" "dev"]...
[0mCompiling "resources/public/js/specs/specs.js" from ["src" "specs" "dev"]...
[0mCompiling "resources/public/js/specs/specs.js" from ["src" "specs" "dev"]...
[0mCompiling "resources/public/js/specs/specs.js" from ["src" "specs" "dev"]...
[0mCompiling "resources/public/js/specs/specs.js" from ["src" "specs" "dev"]...
[0mCompiling "resources/public/js/specs/specs.js" from ["src" "specs" "dev"]...
[0mCompiling "resources/public/js/specs/specs.js" from ["src" "specs" "dev"]...
[0mCompiling "resources/public/js/specs/specs.js" from ["src" "specs" "dev"]...
[0mCompiling "resources/public/js/specs/specs.js" from ["src" "specs" "dev"]...
[0mCompiling "resources/public/js/specs/specs.js" from ["src" "specs" "dev"]...
[0mCompiling "resources/public/js/specs/specs.js" from ["src" "specs" "dev"]...
[0mCompiling "resources/public/js/specs/specs.js" from ["src" "specs" "dev"]...
[0mCompiling "resources/public/js/specs/specs.js" from ["src" "specs" "dev"]...
[0mCompiling "resources/public/js/specs/specs.js" from ["src" "specs" "dev"]...
[0mCompiling "resources/public/js/specs/specs.js" from ["src" "specs" "dev"]...
[0mCompiling "resources/public/js/specs/specs.js" from ["src" "specs" "dev"]...
[0mCompiling "resources/public/js/specs/specs.js" from ["src" "specs" "dev"]...
[0mCompiling "resources/public/js/specs/specs.js" from ["src" "specs" "dev"]...
[0mCompiling "resources/public/js/specs/specs.js" from ["src" "specs" "dev"]...
[0mCompiling "resources/public/js/specs/specs.js" from ["src" "specs" "dev"]...
[0mCompiling "resources/public/js/specs/specs.js" from ["src" "specs" "dev"]...
[0mCompiling "resources/public/js/specs/specs.js" from ["src" "specs" "dev"]...
[0mCompiling "resources/public/js/specs/specs.js" from ["src" "specs" "dev"]...
[0mCompiling "resources/public/js/specs/specs.js" from ["src" "specs" "dev"]...
[0mCompiling "resources/public/js/specs/specs.js" from ["src" "specs" "dev"]...
[0mCompiling "resources/public/js/specs/specs.js" from ["src" "specs" "dev"]...
[0mCompiling "resources/public/js/specs/specs.js" from ["src" "specs" "dev"]...
[0mCompiling "resources/public/js/specs/specs.js" from ["src" "specs" "dev"]...
[0mCompiling "resources/public/js/specs/specs.js" from ["src" "specs" "dev"]...
[0mCompiling "resources/public/js/specs/specs.js" from ["src" "specs" "dev"]...
[0mCompiling "resources/public/js/specs/specs.js" from ["src" "specs" "dev"]...
[0mCompiling "resources/public/js/specs/specs.js" from ["src" "specs" "dev"]...
[0mCompiling "resources/public/js/specs/specs.js" from ["src" "specs" "dev"]...
[0mCompiling "resources/public/js/specs/specs.js" from ["src" "specs" "dev"]...
[0mCompiling "resources/public/js/specs/specs.js" from ["src" "specs" "dev"]...
[0mCompiling "resources/public/js/specs/specs.js" from ["src" "specs" "dev"]...
[0mCompiling "resources/public/js/specs/specs.js" from ["src" "specs" "dev"]...
[0mCompiling "resources/public/js/specs/specs.js" from ["src" "specs" "dev"]...
[0mCompiling "resources/public/js/specs/specs.js" from ["src" "specs" "dev"]...
[0mCompiling "resources/public/js/specs/specs.js" from ["src" "specs" "dev"]...
[0mCompiling "resources/public/js/specs/specs.js" from ["src" "specs" "dev"]...
[0mCompiling "resources/public/js/specs/specs.js" from ["src" "specs" "dev"]...
[0mCompiling "resources/public/js/specs/specs.js" from ["src" "specs" "dev"]...
[0mCompiling "resources/public/js/specs/specs.js" from ["src" "specs" "dev"]...
[0mCompiling "resources/public/js/specs/specs.js" from ["src" "specs" "dev"]...
[0mCompiling "resources/public/js/specs/specs.js" from ["src" "specs" "dev"]...
[0mCompiling "resources/public/js/specs/specs.js" from ["src" "specs" "dev"]...
[0mCompiling "resources/public/js/specs/specs.js" from ["src" "specs" "dev"]...
WARNING: user is a single segment namespace at line 1 /Users/Anthony/projects/erzeugen/dev/user.cljc
[31mCompiling "resources/public/js/specs/specs.js" failed.
[0mANALYSIS ERROR: No such namespace: devtools.core, could not locate devtools/core.cljs, devtools/core.cljc, or Closure namespace "devtools.core" in file /Users/Anthony/projects/erzeugen/dev/user.cljc on file null, line null, column null
[32mSuccessfully compiled "resources/public/js/specs/specs.js" in 0.782 seconds.[0m
[0mCompiling "resources/public/js/specs/specs.js" from ["src" "specs" "dev"]...
WARNING: user is a single segment namespace at line 1 /Users/Anthony/projects/erzeugen/dev/user.cljc
[31mCompiling "resources/public/js/specs/specs.js" failed.
[0mANALYSIS ERROR: No such namespace: devtools.core, could not locate devtools/core.cljs, devtools/core.cljc, or Closure namespace "devtools.core" in file /Users/Anthony/projects/erzeugen/dev/user.cljc on file null, line null, column null
[32mSuccessfully compiled "resources/public/js/specs/specs.js" in 0.453 seconds.[0m
[0mCompiling "resources/public/js/specs/specs.js" from ["src" "specs" "dev"]...
WARNING: user is a single segment namespace at line 1 /Users/Anthony/projects/erzeugen/dev/user.cljc
notifying browser that file changed:  resources/public/js/compiled/specs/goog/deps.js
notifying browser that file changed:  resources/public/js/compiled/specs/cljs_deps.js
notifying browser that file changed:  out/user.js
notifying browser that file changed:  out/erzeugen/erator.js
notifying browser that file changed:  out/erzeugen/erator_spec.js
[32mSuccessfully compiled "resources/public/js/specs/specs.js" in 0.884 seconds.[0m
